<?xml version="1.0" encoding="UTF-8"?>
<coverage generated="1757738204073" clover="3.2.0">
  <project timestamp="1757738204073" name="All files">
    <metrics statements="20" coveredstatements="20" conditionals="30" coveredconditionals="30" methods="1" coveredmethods="1" elements="51" coveredelements="51" complexity="0" loc="20" ncloc="20" packages="1" files="1" classes="1"/>
    <file name="evaluarCredito.jsx" path="C:\Users\carla\Documents\Universidad\Decimo ciclo\Aseguramiento de la Calidad De Software\Unit test\unittest\src\domain\evaluarCredito.jsx">
      <metrics statements="20" coveredstatements="20" conditionals="30" coveredconditionals="30" methods="1" coveredmethods="1"/>
      <line num="2" count="24" type="cond" truecount="4" falsecount="0"/>
      <line num="3" count="2" type="stmt"/>
      <line num="6" count="22" type="cond" truecount="4" falsecount="0"/>
      <line num="7" count="4" type="cond" truecount="4" falsecount="0"/>
      <line num="8" count="2" type="stmt"/>
      <line num="12" count="20" type="cond" truecount="4" falsecount="0"/>
      <line num="14" count="6" type="cond" truecount="4" falsecount="0"/>
      <line num="15" count="4" type="stmt"/>
      <line num="17" count="2" type="stmt"/>
      <line num="19" count="5" type="cond" truecount="4" falsecount="0"/>
      <line num="20" count="3" type="stmt"/>
      <line num="22" count="2" type="stmt"/>
      <line num="24" count="6" type="cond" truecount="4" falsecount="0"/>
      <line num="25" count="3" type="stmt"/>
      <line num="27" count="3" type="stmt"/>
      <line num="29" count="3" type="cond" truecount="2" falsecount="0"/>
      <line num="30" count="2" type="stmt"/>
      <line num="32" count="1" type="stmt"/>
      <line num="35" count="8" type="stmt"/>
      <line num="38" count="1" type="stmt"/>
    </file>
  </project>
</coverage>
