{"C:\\Users\\carla\\Documents\\Universidad\\Decimo ciclo\\Aseguramiento de la Calidad De Software\\Unit test\\unittest\\src\\domain\\evaluarCredito.js": {"path":"C:\\Users\\carla\\Documents\\Universidad\\Decimo ciclo\\Aseguramiento de la Calidad De Software\\Unit test\\unittest\\src\\domain\\evaluarCredito.js","statementMap":{"0":{"start":{"line":4,"column":2},"end":{"line":6,"column":3}},"1":{"start":{"line":5,"column":4},"end":{"line":5,"column":25}},"2":{"start":{"line":8,"column":2},"end":{"line":12,"column":3}},"3":{"start":{"line":9,"column":4},"end":{"line":11,"column":5}},"4":{"start":{"line":10,"column":6},"end":{"line":10,"column":27}},"5":{"start":{"line":14,"column":2},"end":{"line":35,"column":3}},"6":{"start":{"line":16,"column":6},"end":{"line":18,"column":7}},"7":{"start":{"line":17,"column":8},"end":{"line":17,"column":26}},"8":{"start":{"line":19,"column":6},"end":{"line":19,"column":12}},"9":{"start":{"line":21,"column":6},"end":{"line":23,"column":7}},"10":{"start":{"line":22,"column":8},"end":{"line":22,"column":26}},"11":{"start":{"line":24,"column":6},"end":{"line":24,"column":12}},"12":{"start":{"line":26,"column":6},"end":{"line":28,"column":7}},"13":{"start":{"line":27,"column":8},"end":{"line":27,"column":26}},"14":{"start":{"line":29,"column":6},"end":{"line":29,"column":12}},"15":{"start":{"line":31,"column":6},"end":{"line":33,"column":7}},"16":{"start":{"line":32,"column":8},"end":{"line":32,"column":26}},"17":{"start":{"line":34,"column":6},"end":{"line":34,"column":12}},"18":{"start":{"line":37,"column":2},"end":{"line":37,"column":23}},"19":{"start":{"line":40,"column":0},"end":{"line":40,"column":36}}},"fnMap":{"0":{"name":"evaluarCredito","decl":{"start":{"line":3,"column":9},"end":{"line":3,"column":23}},"loc":{"start":{"line":3,"column":35},"end":{"line":38,"column":1}},"line":3}},"branchMap":{"0":{"loc":{"start":{"line":4,"column":2},"end":{"line":6,"column":3}},"type":"if","locations":[{"start":{"line":4,"column":2},"end":{"line":6,"column":3}},{"start":{},"end":{}}],"line":4},"1":{"loc":{"start":{"line":4,"column":6},"end":{"line":4,"column":51}},"type":"binary-expr","locations":[{"start":{"line":4,"column":6},"end":{"line":4,"column":26}},{"start":{"line":4,"column":30},"end":{"line":4,"column":51}}],"line":4},"2":{"loc":{"start":{"line":8,"column":2},"end":{"line":12,"column":3}},"type":"if","locations":[{"start":{"line":8,"column":2},"end":{"line":12,"column":3}},{"start":{},"end":{}}],"line":8},"3":{"loc":{"start":{"line":8,"column":6},"end":{"line":8,"column":58}},"type":"binary-expr","locations":[{"start":{"line":8,"column":6},"end":{"line":8,"column":36}},{"start":{"line":8,"column":40},"end":{"line":8,"column":58}}],"line":8},"4":{"loc":{"start":{"line":9,"column":4},"end":{"line":11,"column":5}},"type":"if","locations":[{"start":{"line":9,"column":4},"end":{"line":11,"column":5}},{"start":{},"end":{}}],"line":9},"5":{"loc":{"start":{"line":9,"column":8},"end":{"line":9,"column":63}},"type":"binary-expr","locations":[{"start":{"line":9,"column":8},"end":{"line":9,"column":41}},{"start":{"line":9,"column":45},"end":{"line":9,"column":63}}],"line":9},"6":{"loc":{"start":{"line":14,"column":2},"end":{"line":35,"column":3}},"type":"switch","locations":[{"start":{"line":15,"column":4},"end":{"line":19,"column":12}},{"start":{"line":20,"column":4},"end":{"line":24,"column":12}},{"start":{"line":25,"column":4},"end":{"line":29,"column":12}},{"start":{"line":30,"column":4},"end":{"line":34,"column":12}}],"line":14},"7":{"loc":{"start":{"line":16,"column":6},"end":{"line":18,"column":7}},"type":"if","locations":[{"start":{"line":16,"column":6},"end":{"line":18,"column":7}},{"start":{},"end":{}}],"line":16},"8":{"loc":{"start":{"line":16,"column":10},"end":{"line":16,"column":53}},"type":"binary-expr","locations":[{"start":{"line":16,"column":10},"end":{"line":16,"column":27}},{"start":{"line":16,"column":31},"end":{"line":16,"column":53}}],"line":16},"9":{"loc":{"start":{"line":21,"column":6},"end":{"line":23,"column":7}},"type":"if","locations":[{"start":{"line":21,"column":6},"end":{"line":23,"column":7}},{"start":{},"end":{}}],"line":21},"10":{"loc":{"start":{"line":21,"column":10},"end":{"line":21,"column":66}},"type":"binary-expr","locations":[{"start":{"line":21,"column":10},"end":{"line":21,"column":40}},{"start":{"line":21,"column":44},"end":{"line":21,"column":66}}],"line":21},"11":{"loc":{"start":{"line":26,"column":6},"end":{"line":28,"column":7}},"type":"if","locations":[{"start":{"line":26,"column":6},"end":{"line":28,"column":7}},{"start":{},"end":{}}],"line":26},"12":{"loc":{"start":{"line":26,"column":10},"end":{"line":26,"column":67}},"type":"binary-expr","locations":[{"start":{"line":26,"column":10},"end":{"line":26,"column":41}},{"start":{"line":26,"column":45},"end":{"line":26,"column":67}}],"line":26},"13":{"loc":{"start":{"line":31,"column":6},"end":{"line":33,"column":7}},"type":"if","locations":[{"start":{"line":31,"column":6},"end":{"line":33,"column":7}},{"start":{},"end":{}}],"line":31}},"s":{"0":24,"1":2,"2":22,"3":4,"4":2,"5":20,"6":6,"7":4,"8":2,"9":5,"10":3,"11":2,"12":6,"13":3,"14":3,"15":3,"16":2,"17":1,"18":8,"19":1},"f":{"0":24},"b":{"0":[2,22],"1":[24,23],"2":[4,18],"3":[22,20],"4":[2,2],"5":[4,2],"6":[6,5,6,3],"7":[4,2],"8":[6,5],"9":[3,2],"10":[5,4],"11":[3,3],"12":[6,5],"13":[2,1]},"_coverageSchema":"1a1c01bbd47fc00a2c39e90264f33305004495a9","hash":"a4f95a1636a00317a4a13c4e1605dcc998563cf7"}
,"C:\\Users\\carla\\Documents\\Universidad\\Decimo ciclo\\Aseguramiento de la Calidad De Software\\Unit test\\unittest\\src\\domain\\formcredito.js": {"path":"C:\\Users\\carla\\Documents\\Universidad\\Decimo ciclo\\Aseguramiento de la Calidad De Software\\Unit test\\unittest\\src\\domain\\formcredito.js","statementMap":{},"fnMap":{},"branchMap":{},"s":{},"f":{},"b":{}}
}
