TN:
SF:src\domain\evaluar.jsx
FNF:0
FNH:0
LF:0
LH:0
BRF:0
BRH:0
end_of_record
TN:
SF:src\domain\evaluarCredito.jsx
FN:1,evaluarCredito
FNF:1
FNH:1
FNDA:24,evaluarCredito
DA:2,24
DA:3,2
DA:6,22
DA:7,4
DA:8,2
DA:12,20
DA:14,6
DA:15,4
DA:17,2
DA:19,5
DA:20,3
DA:22,2
DA:24,6
DA:25,3
DA:27,3
DA:29,3
DA:30,2
DA:32,1
DA:35,8
DA:38,1
LF:20
LH:20
BRDA:2,0,0,2
BRDA:2,0,1,22
BRDA:2,1,0,24
BRDA:2,1,1,23
BRDA:6,2,0,4
BRDA:6,2,1,18
BRDA:6,3,0,22
BRDA:6,3,1,20
BRDA:7,4,0,2
BRDA:7,4,1,2
BRDA:7,5,0,4
BRDA:7,5,1,2
BRDA:12,6,0,6
BRDA:12,6,1,5
BRDA:12,6,2,6
BRDA:12,6,3,3
BRDA:14,7,0,4
BRDA:14,7,1,2
BRDA:14,8,0,6
BRDA:14,8,1,5
BRDA:19,9,0,3
BRDA:19,9,1,2
BRDA:19,10,0,5
BRDA:19,10,1,4
BRDA:24,11,0,3
BRDA:24,11,1,3
BRDA:24,12,0,6
BRDA:24,12,1,5
BRDA:29,13,0,2
BRDA:29,13,1,1
BRF:30
BRH:30
end_of_record
