TN:
SF:src\domain\evaluarCredito.js
FN:3,evaluarCredito
FNF:1
FNH:1
FNDA:24,evaluarCredito
DA:4,24
DA:5,2
DA:8,22
DA:9,4
DA:10,2
DA:14,20
DA:16,6
DA:17,4
DA:19,2
DA:21,5
DA:22,3
DA:24,2
DA:26,6
DA:27,3
DA:29,3
DA:31,3
DA:32,2
DA:34,1
DA:37,8
DA:40,1
LF:20
LH:20
BRDA:4,0,0,2
BRDA:4,0,1,22
BRDA:4,1,0,24
BRDA:4,1,1,23
BRDA:8,2,0,4
BRDA:8,2,1,18
BRDA:8,3,0,22
BRDA:8,3,1,20
BRDA:9,4,0,2
BRDA:9,4,1,2
BRDA:9,5,0,4
BRDA:9,5,1,2
BRDA:14,6,0,6
BRDA:14,6,1,5
BRDA:14,6,2,6
BRDA:14,6,3,3
BRDA:16,7,0,4
BRDA:16,7,1,2
BRDA:16,8,0,6
BRDA:16,8,1,5
BRDA:21,9,0,3
BRDA:21,9,1,2
BRDA:21,10,0,5
BRDA:21,10,1,4
BRDA:26,11,0,3
BRDA:26,11,1,3
BRDA:26,12,0,6
BRDA:26,12,1,5
BRDA:31,13,0,2
BRDA:31,13,1,1
BRF:30
BRH:30
end_of_record
TN:
SF:src\domain\formcredito.js
FNF:0
FNH:0
LF:0
LH:0
BRF:0
BRH:0
end_of_record
